<?xml version="1.0" encoding="UTF-8"?>
<!-- Generated by org.testng.reporters.JUnitXMLReporter -->
<testsuite hostname="LAPTOP-G176N8GQ" ignored="0" name="Sanity Test" tests="7" failures="1" timestamp="2022-12-13T17:14:48 GMT" time="79.764" errors="0">
  <testcase name="verifyProductAddedToShoppingCartSuccessFully" time="13.454" classname="com.nopcommerce.demo.testsuite.ComputerPageTest">
    <failure type="java.lang.AssertionError" message="$1,475.00 is not displayed expected [$1,475.00] but found [$1,470.00]">
      <![CDATA[java.lang.AssertionError: $1,475.00 is not displayed expected [$1,475.00] but found [$1,470.00]
at com.nopcommerce.demo.testsuite.ComputerPageTest.verifyProductAddedToShoppingCartSuccessFully(ComputerPageTest.java:57)
at java.util.ArrayList.forEach(ArrayList.java:1249)
at com.intellij.rt.testng.IDEARemoteTestNG.run(IDEARemoteTestNG.java:66)
at com.intellij.rt.testng.RemoteTestNGStarter.main(RemoteTestNGStarter.java:109)
... Removed 29 stack frames]]>
    </failure>
  </testcase> <!-- verifyProductAddedToShoppingCartSuccessFully -->
  <testcase name="verifyProductArrangeInAlphabeticalOrder" time="1.729" classname="com.nopcommerce.demo.testsuite.ComputerPageTest"/>
  <testcase name="verifyThatTheProductAddedSuccessfullyAndPlaceOrderSuccessfully" time="30.244" classname="com.nopcommerce.demo.testsuite.ElectronicsPageTest"/>
  <testcase name="verifyUserShouldNavigateToCellPhonesPageSuccessfully" time="1.202" classname="com.nopcommerce.demo.testsuite.ElectronicsPageTest"/>
  <testcase name="verifyUserShouldNavigateToApparel" time="0.783" classname="com.nopcommerce.demo.testsuite.TopMenuPageTest"/>
  <testcase name="verifyUserShouldNavigateToComputer" time="1.116" classname="com.nopcommerce.demo.testsuite.TopMenuPageTest"/>
  <testcase name="verifyUserShouldNavigateToElectronics" time="1.029" classname="com.nopcommerce.demo.testsuite.TopMenuPageTest"/>
</testsuite> <!-- Sanity Test -->
